[2022-02-19T15:33:42.038] [DEBUG] cheese - login => username:123456,password:123456
[2022-02-19T15:33:42.040] [DEBUG] cheese - 123456
[2022-02-19T15:33:42.050] [DEBUG] cheese - { inspect: [Function: inspect] }
[2022-02-19T15:33:42.052] [DEBUG] cheese - 查询失败
[2022-02-19T15:35:19.891] [DEBUG] cheese - login => username:admin,password:123456
[2022-02-19T15:35:19.892] [DEBUG] cheese - admin
[2022-02-19T15:35:19.896] [DEBUG] cheese - { inspect: [Function: inspect] }
[2022-02-19T15:35:19.896] [DEBUG] cheese - 查询失败
[2022-02-19T15:35:27.555] [DEBUG] cheese - login => username:admin,password:123456
[2022-02-19T15:35:27.555] [DEBUG] cheese - admin
[2022-02-19T15:35:27.557] [DEBUG] cheese - { inspect: [Function: inspect] }
[2022-02-19T15:35:27.557] [DEBUG] cheese - 查询失败
[2022-02-19T15:35:31.818] [DEBUG] cheese - login => username:admin,password:123456
[2022-02-19T15:35:31.819] [DEBUG] cheese - admin
[2022-02-19T15:35:31.822] [DEBUG] cheese - { inspect: [Function: inspect] }
[2022-02-19T15:35:31.823] [DEBUG] cheese - 查询失败
[2022-02-19T16:14:46.695] [DEBUG] cheese - login => username:admin,password:123456
[2022-02-19T16:14:46.695] [DEBUG] cheese - admin
[2022-02-19T16:14:46.707] [DEBUG] cheese - null
[2022-02-19T16:14:46.707] [DEBUG] cheese - null
[2022-02-19T17:48:49.456] [DEBUG] cheese - login => username:admin,password:123456
[2022-02-19T17:48:49.457] [DEBUG] cheese - admin
[2022-02-19T17:48:49.463] [DEBUG] cheese - null
[2022-02-19T17:48:49.463] [DEBUG] cheese - null
[2022-02-21T18:56:38.285] [DEBUG] cheese - login => username:admin,password:123456
[2022-02-21T18:56:38.286] [DEBUG] cheese - admin
[2022-02-21T18:56:38.773] [DEBUG] cheese - null
[2022-02-21T18:56:38.775] [DEBUG] cheese - null
[2022-02-21T19:00:56.606] [DEBUG] cheese - login => username:erterte,password:rteretertret
[2022-02-21T19:00:56.606] [DEBUG] cheese - erterte
[2022-02-21T19:00:56.611] [DEBUG] cheese - null
[2022-02-21T19:00:56.612] [DEBUG] cheese - null
[2022-02-21T19:01:34.316] [DEBUG] cheese - login => username:admin,password:123456
[2022-02-21T19:01:34.317] [DEBUG] cheese - admin
[2022-02-21T19:01:34.324] [DEBUG] cheese - null
[2022-02-21T19:01:34.324] [DEBUG] cheese - null
[2022-02-21T19:04:00.810] [DEBUG] cheese - login => username:rtret,password:eretrt
[2022-02-21T19:04:00.810] [DEBUG] cheese - rtret
[2022-02-21T19:04:00.813] [DEBUG] cheese - null
[2022-02-21T19:04:00.814] [DEBUG] cheese - null
[2022-02-21T19:06:26.261] [DEBUG] cheese - login => username:admin,password:123456
[2022-02-21T19:06:26.261] [DEBUG] cheese - admin
[2022-02-21T19:06:26.266] [DEBUG] cheese - null
[2022-02-21T19:06:26.267] [DEBUG] cheese - null
[2022-02-21T19:08:23.190] [DEBUG] cheese - login => username:admin,password:123456
[2022-02-21T19:08:23.190] [DEBUG] cheese - admin
[2022-02-21T19:08:23.197] [DEBUG] cheese - null
[2022-02-21T19:08:23.197] [DEBUG] cheese - null
[2022-02-21T19:11:55.203] [DEBUG] cheese - login => username:421341,password:1431421
[2022-02-21T19:11:55.203] [DEBUG] cheese - 421341
[2022-02-21T19:11:55.207] [DEBUG] cheese - null
[2022-02-21T19:11:55.207] [DEBUG] cheese - null
[2022-02-21T19:24:52.137] [DEBUG] cheese - login => username:434,password:54354kkkk
[2022-02-21T19:24:52.137] [DEBUG] cheese - 434
[2022-02-21T19:24:52.142] [DEBUG] cheese - null
[2022-02-21T19:24:52.142] [DEBUG] cheese - null
[2022-02-21T19:25:07.481] [DEBUG] cheese - login => username:admin,password:123456
[2022-02-21T19:25:07.481] [DEBUG] cheese - admin
[2022-02-21T19:25:07.484] [DEBUG] cheese - null
[2022-02-21T19:25:07.484] [DEBUG] cheese - null
[2022-02-21T19:25:11.673] [DEBUG] cheese - login => username:admin,password:123456
[2022-02-21T19:25:11.673] [DEBUG] cheese - admin
[2022-02-21T19:25:11.679] [DEBUG] cheese - null
[2022-02-21T19:25:11.679] [DEBUG] cheese - null
[2022-02-21T19:25:19.564] [DEBUG] cheese - login => username:admin,password:123456
[2022-02-21T19:25:19.565] [DEBUG] cheese - admin
[2022-02-21T19:25:19.568] [DEBUG] cheese - null
[2022-02-21T19:25:19.568] [DEBUG] cheese - null
[2022-02-21T19:26:07.997] [DEBUG] cheese - login => username:admin,password:123456
[2022-02-21T19:26:07.998] [DEBUG] cheese - admin
[2022-02-21T19:26:08.004] [DEBUG] cheese - null
[2022-02-21T19:26:08.004] [DEBUG] cheese - null
[2022-02-21T19:26:12.627] [DEBUG] cheese - login => username:admin,password:123456
[2022-02-21T19:26:12.627] [DEBUG] cheese - admin
[2022-02-21T19:26:12.630] [DEBUG] cheese - null
[2022-02-21T19:26:12.630] [DEBUG] cheese - null
[2022-02-21T19:26:13.673] [DEBUG] cheese - login => username:admin,password:123456
[2022-02-21T19:26:13.673] [DEBUG] cheese - admin
[2022-02-21T19:26:13.676] [DEBUG] cheese - null
[2022-02-21T19:26:13.677] [DEBUG] cheese - null
[2022-02-21T19:26:14.687] [DEBUG] cheese - login => username:admin,password:123456
[2022-02-21T19:26:14.687] [DEBUG] cheese - admin
[2022-02-21T19:26:14.695] [DEBUG] cheese - null
[2022-02-21T19:26:14.695] [DEBUG] cheese - null
[2022-02-21T19:26:14.830] [DEBUG] cheese - login => username:admin,password:123456
[2022-02-21T19:26:14.830] [DEBUG] cheese - admin
[2022-02-21T19:26:14.831] [DEBUG] cheese - null
[2022-02-21T19:26:14.832] [DEBUG] cheese - null
[2022-02-21T19:26:14.959] [DEBUG] cheese - login => username:admin,password:123456
[2022-02-21T19:26:14.959] [DEBUG] cheese - admin
[2022-02-21T19:26:14.962] [DEBUG] cheese - null
[2022-02-21T19:26:14.962] [DEBUG] cheese - null
[2022-02-21T19:26:15.189] [DEBUG] cheese - login => username:admin,password:123456
[2022-02-21T19:26:15.189] [DEBUG] cheese - admin
[2022-02-21T19:26:15.194] [DEBUG] cheese - null
[2022-02-21T19:26:15.194] [DEBUG] cheese - null
[2022-02-21T19:26:16.852] [DEBUG] cheese - login => username:admin,password:123456
[2022-02-21T19:26:16.852] [DEBUG] cheese - admin
[2022-02-21T19:26:16.855] [DEBUG] cheese - null
[2022-02-21T19:26:16.855] [DEBUG] cheese - null
[2022-02-21T19:26:16.988] [DEBUG] cheese - login => username:admin,password:123456
[2022-02-21T19:26:16.988] [DEBUG] cheese - admin
[2022-02-21T19:26:16.990] [DEBUG] cheese - null
[2022-02-21T19:26:16.990] [DEBUG] cheese - null
[2022-02-21T19:26:17.576] [DEBUG] cheese - login => username:admin,password:123456
[2022-02-21T19:26:17.576] [DEBUG] cheese - admin
[2022-02-21T19:26:17.578] [DEBUG] cheese - null
[2022-02-21T19:26:17.578] [DEBUG] cheese - null
[2022-02-21T19:26:18.911] [DEBUG] cheese - login => username:admin,password:123456
[2022-02-21T19:26:18.911] [DEBUG] cheese - admin
[2022-02-21T19:26:18.915] [DEBUG] cheese - null
[2022-02-21T19:26:18.916] [DEBUG] cheese - null
[2022-02-21T19:26:19.605] [DEBUG] cheese - login => username:admin,password:123456
[2022-02-21T19:26:19.605] [DEBUG] cheese - admin
[2022-02-21T19:26:19.609] [DEBUG] cheese - null
[2022-02-21T19:26:19.609] [DEBUG] cheese - null
[2022-02-21T19:26:20.069] [DEBUG] cheese - login => username:admin,password:123456
[2022-02-21T19:26:20.069] [DEBUG] cheese - admin
[2022-02-21T19:26:20.071] [DEBUG] cheese - null
[2022-02-21T19:26:20.071] [DEBUG] cheese - null
[2022-02-21T19:26:20.699] [DEBUG] cheese - login => username:admin,password:123456
[2022-02-21T19:26:20.700] [DEBUG] cheese - admin
[2022-02-21T19:26:20.703] [DEBUG] cheese - null
[2022-02-21T19:26:20.703] [DEBUG] cheese - null
[2022-02-21T20:05:02.118] [DEBUG] cheese - login => username:admin,password:123456
[2022-02-21T20:05:02.118] [DEBUG] cheese - admin
[2022-02-21T20:05:02.121] [DEBUG] cheese - null
[2022-02-21T20:05:02.122] [DEBUG] cheese - null
[2022-02-21T20:05:05.773] [DEBUG] cheese - login => username:adminj,password:123456
[2022-02-21T20:05:05.773] [DEBUG] cheese - adminj
[2022-02-21T20:05:05.776] [DEBUG] cheese - null
[2022-02-21T20:05:05.777] [DEBUG] cheese - null
[2022-02-21T20:05:37.617] [DEBUG] cheese - login => username:admin,password:123456
[2022-02-21T20:05:37.617] [DEBUG] cheese - admin
[2022-02-21T20:05:37.619] [DEBUG] cheese - null
[2022-02-21T20:05:37.619] [DEBUG] cheese - null
[2022-02-21T20:05:54.149] [DEBUG] cheese - login => username:admin,password:1234568
[2022-02-21T20:05:54.150] [DEBUG] cheese - admin
[2022-02-21T20:05:54.155] [DEBUG] cheese - null
[2022-02-21T20:05:54.156] [DEBUG] cheese - null
[2022-02-21T20:06:43.113] [DEBUG] cheese - login => username:admin,password:111111
[2022-02-21T20:06:43.113] [DEBUG] cheese - admin
[2022-02-21T20:06:43.119] [DEBUG] cheese - null
[2022-02-21T20:06:43.119] [DEBUG] cheese - null
[2022-02-21T20:06:44.668] [DEBUG] cheese - login => username:admin,password:111111
[2022-02-21T20:06:44.668] [DEBUG] cheese - admin
[2022-02-21T20:06:44.673] [DEBUG] cheese - null
[2022-02-21T20:06:44.673] [DEBUG] cheese - null
[2022-02-21T20:06:48.893] [DEBUG] cheese - login => username:admin,password:11111111
[2022-02-21T20:06:48.894] [DEBUG] cheese - admin
[2022-02-21T20:06:48.899] [DEBUG] cheese - null
[2022-02-21T20:06:48.899] [DEBUG] cheese - null
[2022-02-21T20:16:49.213] [DEBUG] cheese - login => username:admin,password:123456
[2022-02-21T20:16:49.213] [DEBUG] cheese - admin
[2022-02-21T20:16:49.215] [DEBUG] cheese - null
[2022-02-21T20:16:49.215] [DEBUG] cheese - null
[2022-02-21T20:26:41.748] [DEBUG] cheese - login => username:admin,password:123456
[2022-02-21T20:26:41.748] [DEBUG] cheese - admin
[2022-02-21T20:26:41.752] [DEBUG] cheese - null
[2022-02-21T20:26:41.752] [DEBUG] cheese - null
[2022-02-21T20:27:34.251] [DEBUG] cheese - login => username:admin,password:123456
[2022-02-21T20:27:34.251] [DEBUG] cheese - admin
[2022-02-21T20:27:34.254] [DEBUG] cheese - null
[2022-02-21T20:27:34.254] [DEBUG] cheese - null
[2022-02-21T20:47:03.903] [DEBUG] cheese - login => username:admin,password:123456
[2022-02-21T20:47:03.904] [DEBUG] cheese - admin
[2022-02-21T20:47:03.908] [DEBUG] cheese - null
[2022-02-21T20:47:03.909] [DEBUG] cheese - null
[2022-02-21T20:56:08.681] [DEBUG] cheese - login => username:admin,password:123456
[2022-02-21T20:56:08.682] [DEBUG] cheese - admin
[2022-02-21T20:56:08.687] [DEBUG] cheese - null
[2022-02-21T20:56:08.687] [DEBUG] cheese - null
[2022-02-21T20:56:16.386] [DEBUG] cheese - login => username:admin,password:123456
[2022-02-21T20:56:16.386] [DEBUG] cheese - admin
[2022-02-21T20:56:16.390] [DEBUG] cheese - null
[2022-02-21T20:56:16.391] [DEBUG] cheese - null
[2022-02-21T21:15:41.713] [DEBUG] cheese - login => username:admin,password:123456
[2022-02-21T21:15:41.713] [DEBUG] cheese - admin
[2022-02-21T21:15:41.717] [DEBUG] cheese - null
[2022-02-21T21:15:41.717] [DEBUG] cheese - null
[2022-02-21T21:15:47.255] [DEBUG] cheese - login => username:admin,password:123456
[2022-02-21T21:15:47.255] [DEBUG] cheese - admin
[2022-02-21T21:15:47.256] [DEBUG] cheese - null
[2022-02-21T21:15:47.257] [DEBUG] cheese - null
